set ucliGUI::state
set ucliGUI::state
ucliCore::getToolPID
synopsys::env hasTB
trigger_hier_stack_context_switch 0
synUtils::setDVEInitPhase 1
synopsys::dump -type VPD -file /home/ecelrc/students/tchouhan/highspeed/inter.vpd -locking
synopsys::dump -autoflush on -fid VPD0
synUtils::setDVEInitPhase 0
ucliCore::getToolPID
synUtils::sendTool -active {_icl_start_rpc -version "G-2012.09"}
set ::dve_fid VPD0
config endofsim noexit
config onfail enable all
synopsys::listing -disable
ucliGUI::vpdAddHierarchy -scope wallace -depth 1 -file /home/ecelrc/students/tchouhan/highspeed/inter.vpd; synopsys::dump -flush VPD0
synopsys::dump -add {wallace.a wallace.b wallace.out } -aggregates  -fid VPD0
synopsys::run
set ucliGUI::state
set ucliGUI::state
set synopsys::env(time) 29835105000
ucliCore::getToolPID
ucliCore::stopTool -no_signal
set ucliGUI::state
set ucliGUI::state
if [catch {gui_sim_terminate}] {gui_sim_terminate -kill}
synopsys::finish
set ucliGUI::state
set ucliGUI::state
ucli_exit
